<?xml version="1.0" encoding="UTF-8"?>
<!-- Generated by org.testng.reporters.JUnitReportReporter -->
<testsuite hostname="DESKTOP-GPK1GLN" failures="0" tests="1" name="com.test.his.src.Tests.ERRegistrationPageTest" time="76.754" errors="0" timestamp="2020-07-29T12:26:27 IST" skipped="0">
  <testcase classname="com.test.his.src.Tests.ERRegistrationPageTest" name="newERPatientRegistration" time="76.754"/>
  <system-out/>
</testsuite> <!-- com.test.his.src.Tests.ERRegistrationPageTest -->
