<?xml version="1.0" encoding="UTF-8"?>
<!-- Generated by org.testng.reporters.JUnitReportReporter -->
<testsuite hostname="DESKTOP-GPK1GLN" failures="0" tests="1" name="com.test.his.src.Tests.DepositRefundTest" time="20.435" errors="0" timestamp="2020-07-29T11:43:21 IST" skipped="0">
  <testcase classname="com.test.his.src.Tests.DepositRefundTest" name="depositRefundAmount" time="20.435"/>
  <system-out/>
</testsuite> <!-- com.test.his.src.Tests.DepositRefundTest -->
