<?xml version="1.0" encoding="UTF-8"?>
<!-- Generated by org.testng.reporters.JUnitReportReporter -->
<testsuite hostname="DESKTOP-GPK1GLN" failures="0" tests="1" name="com.test.his.src.Tests.LoginPageTest" time="9.686" errors="0" timestamp="2020-07-20T11:24:04 IST" skipped="0">
  <testcase classname="com.test.his.src.Tests.LoginPageTest" name="loginPageTitleTest" time="9.686"/>
  <system-out/>
</testsuite> <!-- com.test.his.src.Tests.LoginPageTest -->
